c:\users\dilha\source\repos\consoleapplication1\consoleapplication1\x64\debug\vc143.pdb
c:\users\dilha\source\repos\consoleapplication1\consoleapplication1\x64\debug\vc143.idb
c:\users\dilha\source\repos\consoleapplication1\consoleapplication1\x64\debug\statuseffect.obj
c:\users\dilha\source\repos\consoleapplication1\consoleapplication1\x64\debug\spelldatabase.obj
c:\users\dilha\source\repos\consoleapplication1\consoleapplication1\x64\debug\overworld.obj
c:\users\dilha\source\repos\consoleapplication1\consoleapplication1\x64\debug\npcmanager.obj
c:\users\dilha\source\repos\consoleapplication1\consoleapplication1\x64\debug\npc.obj
c:\users\dilha\source\repos\consoleapplication1\consoleapplication1\x64\debug\localgridgenerator.obj
c:\users\dilha\source\repos\consoleapplication1\consoleapplication1\x64\debug\itemdatabase.obj
c:\users\dilha\source\repos\consoleapplication1\consoleapplication1\x64\debug\item.obj
c:\users\dilha\source\repos\consoleapplication1\consoleapplication1\x64\debug\gametime.obj
c:\users\dilha\source\repos\consoleapplication1\consoleapplication1\x64\debug\gameengine.obj
c:\users\dilha\source\repos\consoleapplication1\consoleapplication1\x64\debug\explorationstate.obj
c:\users\dilha\source\repos\consoleapplication1\consoleapplication1\x64\debug\enemypool.obj
c:\users\dilha\source\repos\consoleapplication1\consoleapplication1\x64\debug\enemy.obj
c:\users\dilha\source\repos\consoleapplication1\consoleapplication1\x64\debug\dialogue.obj
c:\users\dilha\source\repos\consoleapplication1\consoleapplication1\x64\debug\consoleapplication1.obj
c:\users\dilha\source\repos\consoleapplication1\consoleapplication1\x64\debug\combatsystem.obj
c:\users\dilha\source\repos\consoleapplication1\consoleapplication1\x64\debug\combatstate.obj
c:\users\dilha\source\repos\consoleapplication1\consoleapplication1\x64\debug\character.obj
c:\users\dilha\source\repos\consoleapplication1\consoleapplication1\x64\debug\consoleapplication1.ilk
c:\users\dilha\source\repos\consoleapplication1\x64\debug\consoleapplication1.pdb
c:\users\dilha\source\repos\consoleapplication1\x64\debug\consoleapplication1.exe
c:\users\dilha\source\repos\consoleapplication1\consoleapplication1\x64\debug\consolea.ff7a2570.tlog\cl.command.1.tlog
c:\users\dilha\source\repos\consoleapplication1\consoleapplication1\x64\debug\consolea.ff7a2570.tlog\cl.items.tlog
c:\users\dilha\source\repos\consoleapplication1\consoleapplication1\x64\debug\consolea.ff7a2570.tlog\cl.read.1.tlog
c:\users\dilha\source\repos\consoleapplication1\consoleapplication1\x64\debug\consolea.ff7a2570.tlog\cl.write.1.tlog
c:\users\dilha\source\repos\consoleapplication1\consoleapplication1\x64\debug\consolea.ff7a2570.tlog\link.command.1.tlog
c:\users\dilha\source\repos\consoleapplication1\consoleapplication1\x64\debug\consolea.ff7a2570.tlog\link.read.1.tlog
c:\users\dilha\source\repos\consoleapplication1\consoleapplication1\x64\debug\consolea.ff7a2570.tlog\link.secondary.1.tlog
c:\users\dilha\source\repos\consoleapplication1\consoleapplication1\x64\debug\consolea.ff7a2570.tlog\link.write.1.tlog
